This file contains any messages produced by compilers while
running configure, to aid debugging if configure makes a mistake.

It was created by libstreamripper configure 0.1, which was
generated by GNU Autoconf 2.68.  Invocation command line was

  $ /home/hans/software/libstreamripper/configure --enable-maintainer-mode CFLAGS=-g -O0 CXXFLAGS=-g -O0 JFLAGS=-g -O0 FFLAGS=-g -O0 --no-create --no-recursion

## --------- ##
## Platform. ##
## --------- ##

hostname = LT-PBLQ-058
uname -m = x86_64
uname -r = 3.2.0-37-generic
uname -s = Linux
uname -v = #58-Ubuntu SMP Thu Jan 24 15:28:10 UTC 2013

/usr/bin/uname -p = unknown
/bin/uname -X     = unknown

/bin/arch              = unknown
/usr/bin/arch -k       = unknown
/usr/convex/getsysinfo = unknown
/usr/bin/hostinfo      = unknown
/bin/machine           = unknown
/usr/bin/oslevel       = unknown
/bin/universe          = unknown

PATH: /home/hans/bin
PATH: /usr/lib/lightdm/lightdm
PATH: /usr/local/sbin
PATH: /usr/local/bin
PATH: /usr/sbin
PATH: /usr/bin
PATH: /sbin
PATH: /bin
PATH: /usr/games


## ----------- ##
## Core tests. ##
## ----------- ##

configure:2156: checking for a BSD-compatible install
configure:2224: result: /usr/bin/install -c
configure:2235: checking whether build environment is sane
configure:2285: result: yes
configure:2426: checking for a thread-safe mkdir -p
configure:2465: result: /bin/mkdir -p
configure:2478: checking for gawk
configure:2508: result: no
configure:2478: checking for mawk
configure:2494: found /usr/bin/mawk
configure:2505: result: mawk
configure:2516: checking whether make sets $(MAKE)
configure:2538: result: yes
configure:2630: checking whether make supports nested variables
configure:2647: result: yes
configure:2707: checking for gcc
configure:2723: found /usr/bin/gcc
configure:2734: result: gcc
configure:2963: checking for C compiler version
configure:2972: gcc --version >&5
gcc (Ubuntu/Linaro 4.6.3-1ubuntu5) 4.6.3
Copyright (C) 2011 Free Software Foundation, Inc.
This is free software; see the source for copying conditions.  There is NO
warranty; not even for MERCHANTABILITY or FITNESS FOR A PARTICULAR PURPOSE.

configure:2983: $? = 0
configure:2972: gcc -v >&5
Using built-in specs.
COLLECT_GCC=gcc
COLLECT_LTO_WRAPPER=/usr/lib/gcc/x86_64-linux-gnu/4.6/lto-wrapper
Target: x86_64-linux-gnu
Configured with: ../src/configure -v --with-pkgversion='Ubuntu/Linaro 4.6.3-1ubuntu5' --with-bugurl=file:///usr/share/doc/gcc-4.6/README.Bugs --enable-languages=c,c++,fortran,objc,obj-c++ --prefix=/usr --program-suffix=-4.6 --enable-shared --enable-linker-build-id --with-system-zlib --libexecdir=/usr/lib --without-included-gettext --enable-threads=posix --with-gxx-include-dir=/usr/include/c++/4.6 --libdir=/usr/lib --enable-nls --with-sysroot=/ --enable-clocale=gnu --enable-libstdcxx-debug --enable-libstdcxx-time=yes --enable-gnu-unique-object --enable-plugin --enable-objc-gc --disable-werror --with-arch-32=i686 --with-tune=generic --enable-checking=release --build=x86_64-linux-gnu --host=x86_64-linux-gnu --target=x86_64-linux-gnu
Thread model: posix
gcc version 4.6.3 (Ubuntu/Linaro 4.6.3-1ubuntu5) 
configure:2983: $? = 0
configure:2972: gcc -V >&5
gcc: error: unrecognized option '-V'
gcc: fatal error: no input files
compilation terminated.
configure:2983: $? = 4
configure:2972: gcc -qversion >&5
gcc: error: unrecognized option '-qversion'
gcc: fatal error: no input files
compilation terminated.
configure:2983: $? = 4
configure:3003: checking whether the C compiler works
configure:3025: gcc -g -O0   conftest.c  >&5
configure:3029: $? = 0
configure:3077: result: yes
configure:3080: checking for C compiler default output file name
configure:3082: result: a.out
configure:3088: checking for suffix of executables
configure:3095: gcc -o conftest -g -O0   conftest.c  >&5
configure:3099: $? = 0
configure:3121: result: 
configure:3143: checking whether we are cross compiling
configure:3151: gcc -o conftest -g -O0   conftest.c  >&5
configure:3155: $? = 0
configure:3162: ./conftest
configure:3166: $? = 0
configure:3181: result: no
configure:3186: checking for suffix of object files
configure:3208: gcc -c -g -O0  conftest.c >&5
configure:3212: $? = 0
configure:3233: result: o
configure:3237: checking whether we are using the GNU C compiler
configure:3256: gcc -c -g -O0  conftest.c >&5
configure:3256: $? = 0
configure:3265: result: yes
configure:3274: checking whether gcc accepts -g
configure:3294: gcc -c -g  conftest.c >&5
configure:3294: $? = 0
configure:3335: result: yes
configure:3352: checking for gcc option to accept ISO C89
configure:3416: gcc  -c -g -O0  conftest.c >&5
configure:3416: $? = 0
configure:3429: result: none needed
configure:3460: checking for style of include used by make
configure:3488: result: GNU
configure:3514: checking dependency style of gcc
configure:3625: result: gcc3
configure:3674: checking build system type
configure:3688: result: x86_64-unknown-linux-gnu
configure:3708: checking host system type
configure:3721: result: x86_64-unknown-linux-gnu
configure:3762: checking how to print strings
configure:3789: result: printf
configure:3810: checking for a sed that does not truncate output
configure:3874: result: /bin/sed
configure:3892: checking for grep that handles long lines and -e
configure:3950: result: /bin/grep
configure:3955: checking for egrep
configure:4017: result: /bin/grep -E
configure:4022: checking for fgrep
configure:4084: result: /bin/grep -F
configure:4119: checking for ld used by gcc
configure:4186: result: /usr/bin/ld
configure:4193: checking if the linker (/usr/bin/ld) is GNU ld
configure:4208: result: yes
configure:4220: checking for BSD- or MS-compatible name lister (nm)
configure:4269: result: /usr/bin/nm -B
configure:4399: checking the name lister (/usr/bin/nm -B) interface
configure:4406: gcc -c -g -O0  conftest.c >&5
configure:4409: /usr/bin/nm -B "conftest.o"
configure:4412: output
0000000000000000 B some_variable
configure:4419: result: BSD nm
configure:4422: checking whether ln -s works
configure:4426: result: yes
configure:4434: checking the maximum length of command line arguments
configure:4564: result: 3458764513820540925
configure:4581: checking whether the shell understands some XSI constructs
configure:4591: result: yes
configure:4595: checking whether the shell understands "+="
configure:4601: result: yes
configure:4636: checking how to convert x86_64-unknown-linux-gnu file names to x86_64-unknown-linux-gnu format
configure:4676: result: func_convert_file_noop
configure:4683: checking how to convert x86_64-unknown-linux-gnu file names to toolchain format
configure:4703: result: func_convert_file_noop
configure:4710: checking for /usr/bin/ld option to reload object files
configure:4717: result: -r
configure:4791: checking for objdump
configure:4807: found /usr/bin/objdump
configure:4818: result: objdump
configure:4850: checking how to recognize dependent libraries
configure:5052: result: pass_all
configure:5137: checking for dlltool
configure:5167: result: no
configure:5197: checking how to associate runtime and link libraries
configure:5224: result: printf %s\n
configure:5285: checking for ar
configure:5301: found /usr/bin/ar
configure:5312: result: ar
configure:5349: checking for archiver @FILE support
configure:5366: gcc -c -g -O0  conftest.c >&5
configure:5366: $? = 0
configure:5369: ar cru libconftest.a @conftest.lst >&5
configure:5372: $? = 0
configure:5377: ar cru libconftest.a @conftest.lst >&5
ar: conftest.o: No such file or directory
configure:5380: $? = 1
configure:5392: result: @
configure:5450: checking for strip
configure:5466: found /usr/bin/strip
configure:5477: result: strip
configure:5549: checking for ranlib
configure:5565: found /usr/bin/ranlib
configure:5576: result: ranlib
configure:5678: checking command to parse /usr/bin/nm -B output from gcc object
configure:5798: gcc -c -g -O0  conftest.c >&5
configure:5801: $? = 0
configure:5805: /usr/bin/nm -B conftest.o \| sed -n -e 's/^.*[ ]\([ABCDGIRSTW][ABCDGIRSTW]*\)[ ][ ]*\([_A-Za-z][_A-Za-z0-9]*\)$/\1 \2 \2/p' | sed '/ __gnu_lto/d' \> conftest.nm
configure:5808: $? = 0
configure:5874: gcc -o conftest -g -O0   conftest.c conftstm.o >&5
configure:5877: $? = 0
configure:5915: result: ok
configure:5952: checking for sysroot
configure:5982: result: no
configure:6059: gcc -c -g -O0  conftest.c >&5
configure:6062: $? = 0
configure:6238: checking for mt
configure:6254: found /bin/mt
configure:6265: result: mt
configure:6288: checking if mt is a manifest tool
configure:6294: mt '-?'
configure:6302: result: no
configure:6944: checking how to run the C preprocessor
configure:6975: gcc -E  conftest.c
configure:6975: $? = 0
configure:6989: gcc -E  conftest.c
conftest.c:11:28: fatal error: ac_nonexistent.h: No such file or directory
compilation terminated.
configure:6989: $? = 1
configure: failed program was:
| /* confdefs.h */
| #define PACKAGE_NAME "libstreamripper"
| #define PACKAGE_TARNAME "libstreamripper"
| #define PACKAGE_VERSION "0.1"
| #define PACKAGE_STRING "libstreamripper 0.1"
| #define PACKAGE_BUGREPORT ""
| #define PACKAGE_URL ""
| #define PACKAGE "libstreamripper"
| #define VERSION "0.1"
| /* end confdefs.h.  */
| #include <ac_nonexistent.h>
configure:7014: result: gcc -E
configure:7034: gcc -E  conftest.c
configure:7034: $? = 0
configure:7048: gcc -E  conftest.c
conftest.c:11:28: fatal error: ac_nonexistent.h: No such file or directory
compilation terminated.
configure:7048: $? = 1
configure: failed program was:
| /* confdefs.h */
| #define PACKAGE_NAME "libstreamripper"
| #define PACKAGE_TARNAME "libstreamripper"
| #define PACKAGE_VERSION "0.1"
| #define PACKAGE_STRING "libstreamripper 0.1"
| #define PACKAGE_BUGREPORT ""
| #define PACKAGE_URL ""
| #define PACKAGE "libstreamripper"
| #define VERSION "0.1"
| /* end confdefs.h.  */
| #include <ac_nonexistent.h>
configure:7077: checking for ANSI C header files
configure:7097: gcc -c -g -O0  conftest.c >&5
configure:7097: $? = 0
configure:7170: gcc -o conftest -g -O0   conftest.c  >&5
configure:7170: $? = 0
configure:7170: ./conftest
configure:7170: $? = 0
configure:7181: result: yes
configure:7194: checking for sys/types.h
configure:7194: gcc -c -g -O0  conftest.c >&5
configure:7194: $? = 0
configure:7194: result: yes
configure:7194: checking for sys/stat.h
configure:7194: gcc -c -g -O0  conftest.c >&5
configure:7194: $? = 0
configure:7194: result: yes
configure:7194: checking for stdlib.h
configure:7194: gcc -c -g -O0  conftest.c >&5
configure:7194: $? = 0
configure:7194: result: yes
configure:7194: checking for string.h
configure:7194: gcc -c -g -O0  conftest.c >&5
configure:7194: $? = 0
configure:7194: result: yes
configure:7194: checking for memory.h
configure:7194: gcc -c -g -O0  conftest.c >&5
configure:7194: $? = 0
configure:7194: result: yes
configure:7194: checking for strings.h
configure:7194: gcc -c -g -O0  conftest.c >&5
configure:7194: $? = 0
configure:7194: result: yes
configure:7194: checking for inttypes.h
configure:7194: gcc -c -g -O0  conftest.c >&5
configure:7194: $? = 0
configure:7194: result: yes
configure:7194: checking for stdint.h
configure:7194: gcc -c -g -O0  conftest.c >&5
configure:7194: $? = 0
configure:7194: result: yes
configure:7194: checking for unistd.h
configure:7194: gcc -c -g -O0  conftest.c >&5
configure:7194: $? = 0
configure:7194: result: yes
configure:7208: checking for dlfcn.h
configure:7208: gcc -c -g -O0  conftest.c >&5
configure:7208: $? = 0
configure:7208: result: yes
configure:7414: checking for objdir
configure:7429: result: .libs
configure:7696: checking if gcc supports -fno-rtti -fno-exceptions
configure:7714: gcc -c -g -O0  -fno-rtti -fno-exceptions conftest.c >&5
cc1: warning: command line option '-fno-rtti' is valid for C++/ObjC++ but not for C [enabled by default]
configure:7718: $? = 0
configure:7731: result: no
configure:8058: checking for gcc option to produce PIC
configure:8065: result: -fPIC -DPIC
configure:8073: checking if gcc PIC flag -fPIC -DPIC works
configure:8091: gcc -c -g -O0  -fPIC -DPIC -DPIC conftest.c >&5
configure:8095: $? = 0
configure:8108: result: yes
configure:8137: checking if gcc static flag -static works
configure:8165: result: yes
configure:8180: checking if gcc supports -c -o file.o
configure:8201: gcc -c -g -O0  -o out/conftest2.o conftest.c >&5
configure:8205: $? = 0
configure:8227: result: yes
configure:8235: checking if gcc supports -c -o file.o
configure:8282: result: yes
configure:8315: checking whether the gcc linker (/usr/bin/ld -m elf_x86_64) supports shared libraries
configure:9472: result: yes
configure:9509: checking whether -lc should be explicitly linked in
configure:9517: gcc -c -g -O0  conftest.c >&5
configure:9520: $? = 0
configure:9535: gcc -shared  -fPIC -DPIC conftest.o  -v -Wl,-soname -Wl,conftest -o conftest 2\>\&1 \| /bin/grep  -lc  \>/dev/null 2\>\&1
configure:9538: $? = 0
configure:9552: result: no
configure:9712: checking dynamic linker characteristics
configure:10223: gcc -o conftest -g -O0   -Wl,-rpath -Wl,/foo conftest.c  >&5
configure:10223: $? = 0
configure:10457: result: GNU/Linux ld.so
configure:10564: checking how to hardcode library paths into programs
configure:10589: result: immediate
configure:11129: checking whether stripping libraries is possible
configure:11134: result: yes
configure:11169: checking if libtool supports shared libraries
configure:11171: result: yes
configure:11174: checking whether to build shared libraries
configure:11195: result: yes
configure:11198: checking whether to build static libraries
configure:11202: result: yes
configure:11295: checking for pkg-config
configure:11313: found /usr/bin/pkg-config
configure:11325: result: /usr/bin/pkg-config
configure:11350: checking pkg-config is at least version 0.9.0
configure:11353: result: yes
configure:11363: checking for GLIB
configure:11370: $PKG_CONFIG --exists --print-errors "glib-2.0 >= 2.16.1"
configure:11373: $? = 0
configure:11387: $PKG_CONFIG --exists --print-errors "glib-2.0 >= 2.16.1"
configure:11390: $? = 0
configure:11448: result: yes
configure:11587: creating ./config.status
configure:13823: WARNING: unrecognized options: --enable-maintainer-mode

## ---------------- ##
## Cache variables. ##
## ---------------- ##

ac_cv_build=x86_64-unknown-linux-gnu
ac_cv_c_compiler_gnu=yes
ac_cv_env_CC_set=
ac_cv_env_CC_value=
ac_cv_env_CFLAGS_set=set
ac_cv_env_CFLAGS_value='-g -O0'
ac_cv_env_CPPFLAGS_set=
ac_cv_env_CPPFLAGS_value=
ac_cv_env_CPP_set=
ac_cv_env_CPP_value=
ac_cv_env_GLIB_CFLAGS_set=
ac_cv_env_GLIB_CFLAGS_value=
ac_cv_env_GLIB_LIBS_set=
ac_cv_env_GLIB_LIBS_value=
ac_cv_env_LDFLAGS_set=
ac_cv_env_LDFLAGS_value=
ac_cv_env_LIBS_set=
ac_cv_env_LIBS_value=
ac_cv_env_PKG_CONFIG_LIBDIR_set=
ac_cv_env_PKG_CONFIG_LIBDIR_value=
ac_cv_env_PKG_CONFIG_PATH_set=
ac_cv_env_PKG_CONFIG_PATH_value=
ac_cv_env_PKG_CONFIG_set=
ac_cv_env_PKG_CONFIG_value=
ac_cv_env_build_alias_set=
ac_cv_env_build_alias_value=
ac_cv_env_host_alias_set=
ac_cv_env_host_alias_value=
ac_cv_env_target_alias_set=
ac_cv_env_target_alias_value=
ac_cv_header_dlfcn_h=yes
ac_cv_header_inttypes_h=yes
ac_cv_header_memory_h=yes
ac_cv_header_stdc=yes
ac_cv_header_stdint_h=yes
ac_cv_header_stdlib_h=yes
ac_cv_header_string_h=yes
ac_cv_header_strings_h=yes
ac_cv_header_sys_stat_h=yes
ac_cv_header_sys_types_h=yes
ac_cv_header_unistd_h=yes
ac_cv_host=x86_64-unknown-linux-gnu
ac_cv_objext=o
ac_cv_path_EGREP='/bin/grep -E'
ac_cv_path_FGREP='/bin/grep -F'
ac_cv_path_GREP=/bin/grep
ac_cv_path_SED=/bin/sed
ac_cv_path_ac_pt_PKG_CONFIG=/usr/bin/pkg-config
ac_cv_path_install='/usr/bin/install -c'
ac_cv_path_mkdir=/bin/mkdir
ac_cv_prog_AWK=mawk
ac_cv_prog_CPP='gcc -E'
ac_cv_prog_ac_ct_AR=ar
ac_cv_prog_ac_ct_CC=gcc
ac_cv_prog_ac_ct_MANIFEST_TOOL=mt
ac_cv_prog_ac_ct_OBJDUMP=objdump
ac_cv_prog_ac_ct_RANLIB=ranlib
ac_cv_prog_ac_ct_STRIP=strip
ac_cv_prog_cc_c89=
ac_cv_prog_cc_g=yes
ac_cv_prog_make_make_set=yes
am_cv_CC_dependencies_compiler_type=gcc3
am_cv_make_support_nested_variables=yes
lt_cv_ar_at_file=@
lt_cv_archive_cmds_need_lc=no
lt_cv_deplibs_check_method=pass_all
lt_cv_file_magic_cmd='$MAGIC_CMD'
lt_cv_file_magic_test_file=
lt_cv_ld_reload_flag=-r
lt_cv_nm_interface='BSD nm'
lt_cv_objdir=.libs
lt_cv_path_LD=/usr/bin/ld
lt_cv_path_NM='/usr/bin/nm -B'
lt_cv_path_mainfest_tool=no
lt_cv_prog_compiler_c_o=yes
lt_cv_prog_compiler_pic='-fPIC -DPIC'
lt_cv_prog_compiler_pic_works=yes
lt_cv_prog_compiler_rtti_exceptions=no
lt_cv_prog_compiler_static_works=yes
lt_cv_prog_gnu_ld=yes
lt_cv_sharedlib_from_linklib_cmd='printf %s\n'
lt_cv_shlibpath_overrides_runpath=no
lt_cv_sys_global_symbol_pipe='sed -n -e '\''s/^.*[	 ]\([ABCDGIRSTW][ABCDGIRSTW]*\)[	 ][	 ]*\([_A-Za-z][_A-Za-z0-9]*\)$/\1 \2 \2/p'\'' | sed '\''/ __gnu_lto/d'\'''
lt_cv_sys_global_symbol_to_c_name_address='sed -n -e '\''s/^: \([^ ]*\)[ ]*$/  {\"\1\", (void *) 0},/p'\'' -e '\''s/^[ABCDGIRSTW]* \([^ ]*\) \([^ ]*\)$/  {"\2", (void *) \&\2},/p'\'''
lt_cv_sys_global_symbol_to_c_name_address_lib_prefix='sed -n -e '\''s/^: \([^ ]*\)[ ]*$/  {\"\1\", (void *) 0},/p'\'' -e '\''s/^[ABCDGIRSTW]* \([^ ]*\) \(lib[^ ]*\)$/  {"\2", (void *) \&\2},/p'\'' -e '\''s/^[ABCDGIRSTW]* \([^ ]*\) \([^ ]*\)$/  {"lib\2", (void *) \&\2},/p'\'''
lt_cv_sys_global_symbol_to_cdecl='sed -n -e '\''s/^T .* \(.*\)$/extern int \1();/p'\'' -e '\''s/^[ABCDGIRSTW]* .* \(.*\)$/extern char \1;/p'\'''
lt_cv_sys_max_cmd_len=3458764513820540925
lt_cv_to_host_file_cmd=func_convert_file_noop
lt_cv_to_tool_file_cmd=func_convert_file_noop
pkg_cv_GLIB_CFLAGS='-I/usr/include/glib-2.0 -I/usr/lib/x86_64-linux-gnu/glib-2.0/include  '
pkg_cv_GLIB_LIBS='-lglib-2.0  '

## ----------------- ##
## Output variables. ##
## ----------------- ##

ACLOCAL='${SHELL} /home/hans/software/libstreamripper/missing --run aclocal-1.11'
AMDEPBACKSLASH='\'
AMDEP_FALSE='#'
AMDEP_TRUE=''
AMTAR='$${TAR-tar}'
AM_BACKSLASH='\'
AM_DEFAULT_V='$(AM_DEFAULT_VERBOSITY)'
AM_DEFAULT_VERBOSITY='0'
AM_V='$(V)'
AR='ar'
AUTOCONF='${SHELL} /home/hans/software/libstreamripper/missing --run autoconf'
AUTOHEADER='${SHELL} /home/hans/software/libstreamripper/missing --run autoheader'
AUTOMAKE='${SHELL} /home/hans/software/libstreamripper/missing --run automake-1.11'
AWK='mawk'
CC='gcc'
CCDEPMODE='depmode=gcc3'
CFLAGS='-g -O0'
CPP='gcc -E'
CPPFLAGS=''
CYGPATH_W='echo'
DEFS='-DHAVE_CONFIG_H'
DEPDIR='.deps'
DLLTOOL='false'
DSYMUTIL=''
DUMPBIN=''
ECHO_C=''
ECHO_N='-n'
ECHO_T=''
EGREP='/bin/grep -E'
EXEEXT=''
FGREP='/bin/grep -F'
GLIB_CFLAGS='-I/usr/include/glib-2.0 -I/usr/lib/x86_64-linux-gnu/glib-2.0/include  '
GLIB_LIBS='-lglib-2.0  '
GREP='/bin/grep'
INSTALL_DATA='${INSTALL} -m 644'
INSTALL_PROGRAM='${INSTALL}'
INSTALL_SCRIPT='${INSTALL}'
INSTALL_STRIP_PROGRAM='$(install_sh) -c -s'
LD='/usr/bin/ld -m elf_x86_64'
LDFLAGS=''
LIBOBJS=''
LIBS=''
LIBTOOL='$(SHELL) $(top_builddir)/libtool'
LIPO=''
LN_S='ln -s'
LTLIBOBJS=''
MAKEINFO='${SHELL} /home/hans/software/libstreamripper/missing --run makeinfo'
MANIFEST_TOOL=':'
MKDIR_P='/bin/mkdir -p'
NM='/usr/bin/nm -B'
NMEDIT=''
OBJDUMP='objdump'
OBJEXT='o'
OTOOL64=''
OTOOL=''
PACKAGE='libstreamripper'
PACKAGE_BUGREPORT=''
PACKAGE_NAME='libstreamripper'
PACKAGE_STRING='libstreamripper 0.1'
PACKAGE_TARNAME='libstreamripper'
PACKAGE_URL=''
PACKAGE_VERSION='0.1'
PATH_SEPARATOR=':'
PKG_CONFIG='/usr/bin/pkg-config'
PKG_CONFIG_LIBDIR=''
PKG_CONFIG_PATH=''
RANLIB='ranlib'
SED='/bin/sed'
SET_MAKE=''
SHELL='/bin/bash'
STRIP='strip'
VERSION='0.1'
ac_ct_AR='ar'
ac_ct_CC='gcc'
ac_ct_DUMPBIN=''
am__EXEEXT_FALSE=''
am__EXEEXT_TRUE='#'
am__fastdepCC_FALSE='#'
am__fastdepCC_TRUE=''
am__include='include'
am__isrc=' -I$(srcdir)'
am__leading_dot='.'
am__nodep='_no'
am__quote=''
am__tar='$${TAR-tar} chof - "$$tardir"'
am__untar='$${TAR-tar} xf -'
bindir='${exec_prefix}/bin'
build='x86_64-unknown-linux-gnu'
build_alias=''
build_cpu='x86_64'
build_os='linux-gnu'
build_vendor='unknown'
datadir='${datarootdir}'
datarootdir='${prefix}/share'
docdir='${datarootdir}/doc/${PACKAGE_TARNAME}'
dvidir='${docdir}'
exec_prefix='${prefix}'
host='x86_64-unknown-linux-gnu'
host_alias=''
host_cpu='x86_64'
host_os='linux-gnu'
host_vendor='unknown'
htmldir='${docdir}'
includedir='${prefix}/include'
infodir='${datarootdir}/info'
install_sh='${SHELL} /home/hans/software/libstreamripper/install-sh'
libdir='${exec_prefix}/lib'
libexecdir='${exec_prefix}/libexec'
localedir='${datarootdir}/locale'
localstatedir='${prefix}/var'
mandir='${datarootdir}/man'
mkdir_p='/bin/mkdir -p'
oldincludedir='/usr/include'
pdfdir='${docdir}'
prefix='/usr/local'
program_transform_name='s,x,x,'
psdir='${docdir}'
sbindir='${exec_prefix}/sbin'
sharedstatedir='${prefix}/com'
sysconfdir='${prefix}/etc'
target_alias=''

## ----------- ##
## confdefs.h. ##
## ----------- ##

/* confdefs.h */
#define PACKAGE_NAME "libstreamripper"
#define PACKAGE_TARNAME "libstreamripper"
#define PACKAGE_VERSION "0.1"
#define PACKAGE_STRING "libstreamripper 0.1"
#define PACKAGE_BUGREPORT ""
#define PACKAGE_URL ""
#define PACKAGE "libstreamripper"
#define VERSION "0.1"
#define STDC_HEADERS 1
#define HAVE_SYS_TYPES_H 1
#define HAVE_SYS_STAT_H 1
#define HAVE_STDLIB_H 1
#define HAVE_STRING_H 1
#define HAVE_MEMORY_H 1
#define HAVE_STRINGS_H 1
#define HAVE_INTTYPES_H 1
#define HAVE_STDINT_H 1
#define HAVE_UNISTD_H 1
#define HAVE_DLFCN_H 1
#define LT_OBJDIR ".libs/"

configure: exit 0

## ---------------------- ##
## Running config.status. ##
## ---------------------- ##

This file was extended by libstreamripper config.status 0.1, which was
generated by GNU Autoconf 2.68.  Invocation command line was

  CONFIG_FILES    = 
  CONFIG_HEADERS  = 
  CONFIG_LINKS    = 
  CONFIG_COMMANDS = 
  $ ./config.status 

on LT-PBLQ-058

config.status:1099: creating Makefile
config.status:1099: creating src/libstreamripper-0.1.pc
config.status:1099: creating src/Makefile
config.status:1099: creating config.h
config.status:1265: config.h is unchanged
config.status:1313: executing depfiles commands
config.status:1313: executing libtool commands

## ---------------------- ##
## Running config.status. ##
## ---------------------- ##

This file was extended by libstreamripper config.status 0.1, which was
generated by GNU Autoconf 2.68.  Invocation command line was

  CONFIG_FILES    = 
  CONFIG_HEADERS  = 
  CONFIG_LINKS    = 
  CONFIG_COMMANDS = 
  $ ./config.status config.h

on LT-PBLQ-058

config.status:1099: creating config.h
config.status:1265: config.h is unchanged
